<?xml version="1.0" encoding="UTF-8"?>
<testng-results ignored="1" total="2" passed="1" failed="0" skipped="0">
  <reporter-output>
  </reporter-output>
  <suite started-at="2024-02-07T12:31:02 IST" name="Default suite" finished-at="2024-02-07T12:33:04 IST" duration-ms="121689">
    <groups>
    </groups>
    <test started-at="2024-02-07T12:31:02 IST" name="Default test" finished-at="2024-02-07T12:33:04 IST" duration-ms="121689">
      <class name="test.Testproject">
        <test-method is-config="true" signature="setup()[pri:0, instance:test.Testproject@6aeb35e6]" started-at="2024-02-07T12:31:02 IST" name="setup" finished-at="2024-02-07T12:31:07 IST" duration-ms="4689" status="PASS">
          <reporter-output>
          </reporter-output>
        </test-method> <!-- setup -->
        <test-method is-config="true" signature="openurl()[pri:0, instance:test.Testproject@6aeb35e6]" started-at="2024-02-07T12:31:07 IST" name="openurl" finished-at="2024-02-07T12:31:16 IST" duration-ms="8886" status="PASS">
          <reporter-output>
          </reporter-output>
        </test-method> <!-- openurl -->
        <test-method signature="login()[pri:0, instance:test.Testproject@6aeb35e6]" started-at="2024-02-07T12:31:16 IST" name="login" finished-at="2024-02-07T12:33:04 IST" duration-ms="108022" status="PASS">
          <reporter-output>
          </reporter-output>
        </test-method> <!-- login -->
      </class> <!-- test.Testproject -->
    </test> <!-- Default test -->
  </suite> <!-- Default suite -->
</testng-results>
